1529479586856	geckodriver	INFO	geckodriver 0.21.0
1529479586865	geckodriver	INFO	Listening on 127.0.0.1:1607
1529479589716	mozrunner::runner	INFO	Running command: "C:\\Program Files\\Mozilla Firefox\\firefox.exe" "-marionette" "-foreground" "-no-remote" "-profile" "C:\\Users\\来\\AppData\\Local\\Temp\\rust_mozprofile.TE5YQTdK2miS"
Unable to read VR Path Registry from C:\Users\来\AppData\Local\openvr\openvrpaths.vrpath
Unable to read VR Path Registry from C:\Users\来\AppData\Local\openvr\openvrpaths.vrpath
Unable to read VR Path Registry from C:\Users\来\AppData\Local\openvr\openvrpaths.vrpath
Unable to read VR Path Registry from C:\Users\来\AppData\Local\openvr\openvrpaths.vrpath
Unable to read VR Path Registry from C:\Users\来\AppData\Local\openvr\openvrpaths.vrpath
1529479591713	Marionette	INFO	Listening on port 1620
1529479591831	Marionette	WARN	TLS certificate errors will be ignored for this session
[Parent 11004, Gecko_IOThread] WARNING: pipe error: 109: file z:/build/build/src/ipc/chromium/src/chrome/common/ipc_channel_win.cc, line 346
[Child 15828, Chrome_ChildThread] WARNING: pipe error: 109: file z:/build/build/src/ipc/chromium/src/chrome/common/ipc_channel_win.cc, line 346
[Child 15828, Chrome_ChildThread] WARNING: pipe error: 109: file z:/build/build/srcJavaScript error: https://misc.360buyimg.com/??jdf/1.0.0/unit/base/5.0.0/base.js,jdf/lib/jquery-1.6.4.js,product/module/es5-shim.js, line 2: TypeError: Y[d[f]] is undefined
JavaScript error: https://wlssl.jd.com/wl.js, line 2: TypeError: document.location is null
[Child 15532, Chrome_ChildThread] WARNING: pipe error: 109: file z:/build/build/src/ipc/chromium/src/chrome/common/ipc_channel_win.cc, line 346

###!!! [Child][MessageChannel] Error: (msgtype=0x2C00AF,name=PContent::Msg_ScriptError) Channel closing: too late to send/recv, messages will be lost


###!!! [Child][RunMessage] Error: Channel closing: too late to send/recv, messages will be lost

[Child 15532, Chrome_ChildThread] WARNING: pipe error: 109: file z:/build/build
###!!! [Child][MessageChannel] Error: (msgtype=0x2C00AF,name=PContent::Msg_ScriptError) Channel closing: too late to send/recv, messages will be lost

/src/ipc/chromium/src/chrome/common/ipc_channel_win.cc, line 346

###!!! [Child][RunMessage] Error: Channel closing: too late to send/recv, messages will be lost


###!!! [Child][RunMessage] Error: Channel closing: too late to send/recv, messages will be lost


###!!! [Child][MessageChannel] Error: (msgtype=0x2C00AF,name=PContent::Msg_ScriptError) Channel closing: too late to send/recv, messages will be lost


###!!! [Child][RunMessage] Error: Channel closing: too late to send/recv, messages will be lost


###!!! [Child][MessageChannel] Error: (msgtype=0x2C00AF,name=PContent::Msg_ScriptError) Channel closing: too late to send/recv, messages will be lost


###!!! [Child][RunMessage] Error: Channel closing: too late to send/recv, messages will be lost


###!!! [Child][RunMessage] Error: Channel closing: too late to send/recv, messages will be lost

[Parent 11004, Gecko_IOThread] WARNING: pipe error: 109: file z:/build/build/src/ipc/chromium/src/chrome/common/ipc_channel_win.cc, line 346
*** UTM:SVC TimerManager:registerTimer called after profile-before-change notification. Ignoring timer registration for id: telemetry_modules_ping
[GPU 11028, Chrome_ChildThread
###!!! [Child][MessageChannel::SendAndWait] Error: Channel error: cannot send/recv

1529479623612	geckodriver	INFO	geckodriver 0.21.0
1529479623621	geckodriver	INFO	Listening on 127.0.0.1:1828
1529479626537	mozrunner::runner	INFO	Running command: "C:\\Program Files\\Mozilla Firefox\\firefox.exe" "-marionette" "-foreground" "-no-remote" "-profile" "C:\\Users\\来\\AppData\\Local\\Temp\\rust_mozprofile.8z7gydg1q7Af"
Unable to read VR Path Registry from C:\Users\来\AppData\Local\openvr\openvrpaths.vrpath
Unable to read VR Path Registry from C:\Users\来\AppData\Local\openvr\openvrpaths.vrpath
Unable to read VR Path Registry from C:\Users\来\AppData\Local\openvr\openvrpaths.vrpath
Unable to read VR Path Registry from C:\Users\来\AppData\Local\openvr\openvrpaths.vrpath
Unable to read VR Path Registry from C:\Users\来\AppData\Local\openvr\openvrpaths.vrpath
1529479628252	Marionette	INFO	Listening on port 1836
1529479628647	Marionette	WARN	TLS certificate errors will be ignored for this session
1529479630962	addons.xpi	WARN	Exception running bootstrap method shutdown on activity-stream@mozilla.org: [Exception... "Component returned failure code: 0x80004005 (NS_ERROR_FAILURE) [nsIObserverService.removeObserver]"  nsresult: "0x80004005 (NS_ERROR_FAILURE)"  location: "JS frame :: resource://activity-stream/lib/SnippetsFeed.jsm :: uninit :: line 185"  data: no] Stack trace: uninit()@resource://activity-stream/lib/SnippetsFeed.jsm:185
onAction()@resource://activity-stream/lib/SnippetsFeed.jsm:201
_middleware/</<()@resource://activity-stream/lib/Store.jsm:49
Store/this[method]()@resource://activity-stream/lib/Store.jsm:28
uninit()@resource://activity-stream/lib/Store.jsm:151
uninit()@resource://activity-stream/lib/ActivityStream.jsm:300
uninit()@resource://gre/modules/addons/XPIProvider.jsm -> jar:file:///C:/Program%20Files/Mozilla%20Firefox/browser/features/activity-stream@mozilla.org.xpi!/bootstrap.js:73
shutdown()@resource://gre/modules/addons/XPIProvider.jsm -> jar:file:///C:/Program%20Files/Mozilla%20Firefox/browser/features/activity-stream@mozilla.org.xpi!/bootstrap.js:169
callBootstrapMethod()@resource://gre/modules/addons/XPIProvider.jsm:4436
observe()@resource://gre/modules/addons/XPIProvider.jsm:2287
GeckoDriver.prototype.quit()@driver.js:3300
despatch()@server.js:293
execute()@server.js:267
onPacket/<()@server.js:242
onPacket()@server.js:241
_onJSONObjectReady/<()@transport.js:500
[Child 15404, Chrome_ChildThread] WARNING: pipe error: 109: file z:/build/build/src/ipc/chromium/src/chrome/common/ipc_channel_win.cc, line 346
[Child 15404, Chrome_ChiJavaScript error: https://wlssl.jd.com/wl.js, line 2: TypeError: document.location is null
JavaScript error: https://misc.360buyimg.com/??jdf/1.0.0/unit/base/5.0.0/base.js,jdf/lib/jquery-1.6.4.js,product/module/es5-shim.js, line 2: TypeError: Y[d[f]] is undefined
[Child 15924, Chrome_C
###!!! [Child][MessageChannel] Error: (msgtype=0x48000E,name=PHttpChannel::Msg_DeletingChannel) Channel closing: too late to send/recv, messages will be lost

hildThread] WARNING: pipe error: 109: file z:/build/build/src/ipc/chromium/src/chrome/common/ipc_channel_win.cc, line 346

###!!! [Child][MessageChannel] Error: (msgtype=0x48000E,name=PHttpChannel::Msg_DeletingChannel) Channel closing: too late to send/recv, messages will be lost


###!!! [Child][MessageChannel] Error: (msgtype=0x48000E,name=PHttpChannel::Msg_DeletingChannel) Channel closing: too late to send/recv, messages will be lost

[Child 15924, Chrome_ChildThread] WARNING: pipe error: 109: file z:/build/build/src/ipc/chromium/src/chrome/common/ipc_channel_win.cc, line 346
###!!! [Child][MessageChannel] Error: (msgtype=0x48000E,name=PHttpChannel::Msg_DeletingChannel) Channel closing: too late to send/recv, messages will be lost



###!!! [Child][MessageChannel] Error: (msgtype=0x48000E,name=PHttpChannel::Msg_DeletingChannel) Channel closing: too late to send/recv, messages will be lost

JavaScript error: https://misc.360buyimg.com/product/search/1.0.7/js/main.js, line 2: TypeError: n is null

###!!! [Child][MessageChannel] Error: (msgtype=0x48000E,name=PHttpChannel::Msg_DeletingChannel) Channel closing: too late to send/recv, messages will be lost


###!!! [Child][MessageChannel] Error: (msgtype=0x48000E,name=PHttpChannel::Msg_DeletingChannel) Channel closing: too late to send/recv, messages will be lost


###!!! [Child][MessageChannel] Error: (msgtype=0x2C00AF,name=PContent::Msg_ScriptError) Channel closing: too late to send/recv, messages will be lost


###!!! [Child][RunMessage] Error: Channel closing: too late to send/recv, messages will be lost


###!!! [Child][RunMessage] Error: Channel closing: too late to send/recv, messages will be lost


###!!! [Child][RunMessage] Error: Channel closing: too late to send/recv, messages will be lost


###!!! [Child][MessageChannel] Error: (msgtype=0x2C00AF,name=PContent::Msg_ScriptError) Channel closing: too late to send/recv, messages will be lost


###!!! [Child][MessageChannel] Error: (msgtype=0x2C00AF,name=PContent::Msg_ScriptError) Channel closing: too late to send/recv, messages will be lost


###!!! [Child][MessageChannel] Error: (msgtype=0x2C00AF,name=PContent::Msg_ScriptError) Channel closing: too late to send/recv, messages will be lost


###!!! [Child][MessageChannel] Error: (msgtype=0x2C00AF,name=PContent::Msg_ScriptError) Channel closing: too late to send/recv, messages will be lost


###!!! [Child][RunMessage] Error: Channel closing: too late to send/recv, messages will be lost


###!!! [Child][MessageChannel] Error: (msgtype=0x2C00AF,name=PContent::Msg_ScriptError) Channel closing: too late to send/recv, messages will be lost


###!!! [Child][RunMessage] Error: Channel closing: too late to send/recv, messages will be lost


###!!! [Child][RunMessage] Error: Channel closing: too late to send/recv, messages will be lost


###!!! [Child][RunMessage] Error: Channel closing: too late to send/recv, messages will be lost


###!!! [Child][MessageChannel] Error: (msgtype=0x2C00AF,name=PContent::Msg_ScriptError) Channel closing: too late to send/recv, messages will be lost

[Parent 15572, Gecko_IOThread] WARNING: pipe error: 109: file z:/build/build/src/ipc/chromium/src/chrome/common/ipc_channel_win.cc, line 346
[Child 15916, Chrome_ChildThread] WARNING: pipe error: 109: file z:/build/build/src/ipc/chromium/src/chrome/common/ipc_channel_win.cc, line 346
[Child 15916, Chrome_ChildThread] WARNI*** UTM:SVC TimerManager:registerTimer called after profile-before-change notification. Ignoring timer registration for id: telemetry_modules_ping
[GPU 16104, Chrome_ChildThread] WARN
###!!! [Child][MessageChannel::SendAndWait] Error: Channel error: cannot send/recv

1529479652282	geckodriver	INFO	geckodriver 0.21.0
1529479652291	geckodriver	INFO	Listening on 127.0.0.1:2029
1529479655205	mozrunner::runner	INFO	Running command: "C:\\Program Files\\Mozilla Firefox\\firefox.exe" "-marionette" "-foreground" "-no-remote" "-profile" "C:\\Users\\来\\AppData\\Local\\Temp\\rust_mozprofile.60q1fg94Q5ZF"
Unable to read VR Path Registry from C:\Users\来\AppData\Local\openvr\openvrpaths.vrpath
Unable to read VR Path Registry from C:\Users\来\AppData\Local\openvr\openvrpaths.vrpath
Unable to read VR Path Registry from C:\Users\来\AppData\Local\openvr\openvrpaths.vrpath
Unable to read VR Path Registry from C:\Users\来\AppData\Local\openvr\openvrpaths.vrpath
Unable to read VR Path Registry from C:\Users\来\AppData\Local\openvr\openvrpaths.vrpath
1529479656892	Marionette	INFO	Listening on port 2039
1529479657322	Marionette	WARN	TLS certificate errors will be ignored for this session
[Parent 15868, Gecko_IOThread] WARNING: pipe error: 109: file z:/build/build/src/ipc/chromium/src/chrome/common/ipc_channel_win.cc, line 346
[Child 16076, Chrome_ChildThread] WARNING: pipe error: 109: file z:/build/build/src/ipc/chromium/src/chrome/common/ipc_channel_win.cc, line 346
[Child 16076, Chrome_ChiIPDL protocol error: Handler returned error code!

###!!! [Parent][DispatchAsyncMessage] Error: PLayerTransaction::Msg_ReleaseLayer Processing error: message was deserialized, but the handler returned false (indicating failure)

IPDL protocol error: Handler returned error code!

###!!! [Parent][DispatchAsyncMessage] Error: PLayerTransaction::Msg_ReleaseLayer Processing error: message was deserialized, but the handler returned false (indicating failure)

IPDL protocol error: Handler returned error code!

###!!! [Parent][DispatchAsyncMessage] Error: PLayerTransaction::Msg_ReleaseLayer Processing error: message was deserialized, but the handler returned false (indicating failure)

IPDL protocol error: Handler returned error code!

###!!! [Parent][DispatchAsyncMessage] Error: PLayerTransaction::Msg_ReleaseLayer Processing error: message was deserialized, but the handler returned false (indicating failure)

IPDL protocol error: Handler returned error code!

###!!! [Parent][DispatchAsyncMessage] Error: PLayerTransaction::Msg_ReleaseLayer Processing error: message was deserialized, but the handler returned false (indicating failure)

IPDL protocol error: Handler returned error code!

###!!! [Parent][DispatchAsyncMessage] Error: PLayerTransaction::Msg_ReleaseLayer Processing error: message was deserialized, but the handler returned false (indicating failure)

IPDL protocol error: Handler returned error code!

###!!! [Parent][DispatchAsyncMessage] Error: PLayerTransaction::Msg_ReleaseLayer Processing error: message was deserialized, but the handler returned false (indicating failure)

[Child 15416, Chrome_ChildThread] WARNING: pipe error: 109: file z:/build/build/src/ipc/chromium/src/chrome/common/ipc_channel_win.cc, line 346
[Child 15416, Chrome_ChildThread] WARNING: pipe error: 109: file z:/build/build/src/ipc/chromium/src/chrome/common/ipc_channel_win.cc, line 346
[Parent 15868, Gecko_IOThread] WARNING: pipe error: 109: file z:/build/build/src/ipc/chromium/src/chrome/common/ipc_channel_win.cc, line 346
[Child 16180, Chrome_ChildThread] WARNING: pipe error: 109: file z:/build/build/src/ipc/chromium/src/chrome/common/ipc_channel_win.cc, line 346
[Child 16180, Chrome_ChildThread] WAR[GPU 15964, Chrome_ChildThread] WAR
###!!! [Child][MessageChannel::SendAndWait] Error: Channel error: cannot send/recv

1529479802662	geckodriver	INFO	geckodriver 0.21.0
1529479802672	geckodriver	INFO	Listening on 127.0.0.1:2321
1529479805588	mozrunner::runner	INFO	Running command: "C:\\Program Files\\Mozilla Firefox\\firefox.exe" "-marionette" "-foreground" "-no-remote" "-profile" "C:\\Users\\来\\AppData\\Local\\Temp\\rust_mozprofile.XRxNnz4RAyNu"
Unable to read VR Path Registry from C:\Users\来\AppData\Local\openvr\openvrpaths.vrpath
Unable to read VR Path Registry from C:\Users\来\AppData\Local\openvr\openvrpaths.vrpath
Unable to read VR Path Registry from C:\Users\来\AppData\Local\openvr\openvrpaths.vrpath
Unable to read VR Path Registry from C:\Users\来\AppData\Local\openvr\openvrpaths.vrpath
Unable to read VR Path Registry from C:\Users\来\AppData\Local\openvr\openvrpaths.vrpath
1529479807311	Marionette	INFO	Listening on port 2329
1529479807700	Marionette	WARN	TLS certificate errors will be ignored for this session
1529479809871	addons.xpi	WARN	Exception running bootstrap method shutdown on activity-stream@mozilla.org: [Exception... "Component returned failure code: 0x80004005 (NS_ERROR_FAILURE) [nsIObserverService.removeObserver]"  nsresult: "0x80004005 (NS_ERROR_FAILURE)"  location: "JS frame :: resource://activity-stream/lib/SnippetsFeed.jsm :: uninit :: line 185"  data: no] Stack trace: uninit()@resource://activity-stream/lib/SnippetsFeed.jsm:185
onAction()@resource://activity-stream/lib/SnippetsFeed.jsm:201
_middleware/</<()@resource://activity-stream/lib/Store.jsm:49
Store/this[method]()@resource://activity-stream/lib/Store.jsm:28
uninit()@resource://activity-stream/lib/Store.jsm:151
uninit()@resource://activity-stream/lib/ActivityStream.jsm:300
uninit()@resource://gre/modules/addons/XPIProvider.jsm -> jar:file:///C:/Program%20Files/Mozilla%20Firefox/browser/features/activity-stream@mozilla.org.xpi!/bootstrap.js:73
shutdown()@resource://gre/modules/addons/XPIProvider.jsm -> jar:file:///C:/Program%20Files/Mozilla%20Firefox/browser/features/activity-stream@mozilla.org.xpi!/bootstrap.js:169
callBootstrapMethod()@resource://gre/modules/addons/XPIProvider.jsm:4436
observe()@resource://gre/modules/addons/XPIProvider.jsm:2287
GeckoDriver.prototype.quit()@driver.js:3300
despatch()@server.js:293
execute()@server.js:267
onPacket/<()@server.js:242
onPacket()@server.js:241
_onJSONObjectReady/<()@transport.js:500
[Parent 8804, Gecko_IOThread] WARNING: pipe error: 109: file z:/build/build/src/ipc/chromium/src/chrome/common/ipc_channel_win.cc, line 346
[Child 4780, Chrome_ChildThread] WARNING: pipe error: 109: file z:/build/build/src/ipc/chromium/src/chrome/common/ipc_channel_win.cc, line 346
[Child 4780, Chrome_ChildThread] WARNJavaScript error: https://misc.360buyimg.com/??jdf/1.0.0/unit/base/5.0.0/base.js,jdf/lib/jquery-1.6.4.js,product/module/es5-shim.js, line 2: TypeError: Y[d[f]] is undefined
JavaScript error: https://misc.360buyimg.com/product/search/1.0.7/js/main.js, line 2: TypeError: n is null
JavaScript error: https://wlssl.jd.com/wl.js, line 2: TypeError: document.location is null
[Child 16188, Chrome_ChildThread] WARNING: pipe error: 232: file z:/build/build/src/ipc/chromium/src/chrome/common/ipc_channel_win.cc, line 513
[Child 16188, Chrome_ChildThread] WARNING: pipe error: 109: file z:/build/build/src/ipc/chromium/src/chrome/common/ipc_channel_win.cc, line 346
[Child 16188, Chrome_ChildThread] WARNING: pip[Parent 8804, Gecko_IOThread] WARNING: pipe error: 109: file z:/build/build/src/ipc/chromium/src/chrome/common/ipc_channel_win.cc, line 346
[Child 15432, Chrome_ChildThread] WARNING: pipe error: 109: file z:/build/build/src/ipc/chromium/src/chrome/common/ipc_channel_win.cc, line 346
[Child 15432, Chrome_ChildTh*** UTM:SVC TimerManager:registerTimer called after profile-before-change notification. Ignoring timer registration for id: telemetry_modules_ping
[GPU 9832, Chrome_ChildThread] WA
###!!! [Child][MessageChannel::SendAndWait] Error: Channel error: cannot send/recv

1529480016856	geckodriver	INFO	geckodriver 0.21.0
1529480016865	geckodriver	INFO	Listening on 127.0.0.1:1111
1529480019777	mozrunner::runner	INFO	Running command: "C:\\Program Files\\Mozilla Firefox\\firefox.exe" "-marionette" "-foreground" "-no-remote" "-profile" "C:\\Users\\来\\AppData\\Local\\Temp\\rust_mozprofile.X1MxzgunA94B"
Unable to read VR Path Registry from C:\Users\来\AppData\Local\openvr\openvrpaths.vrpath
Unable to read VR Path Registry from C:\Users\来\AppData\Local\openvr\openvrpaths.vrpath
Unable to read VR Path Registry from C:\Users\来\AppData\Local\openvr\openvrpaths.vrpath
Unable to read VR Path Registry from C:\Users\来\AppData\Local\openvr\openvrpaths.vrpath
Unable to read VR Path Registry from C:\Users\来\AppData\Local\openvr\openvrpaths.vrpath
1529480021584	Marionette	INFO	Listening on port 1120
1529480021900	Marionette	WARN	TLS certificate errors will be ignored for this session
[Parent 16112, Gecko_IOThread] WARNING: pipe error: 109: file z:/build/build/src/ipc/chromium/src/chrome/common/ipc_channel_win.cc, line 346
[Parent 16112, Gecko_IOThread] WARNING: pipe error: 109: file z:/build/build/src/ipc/chromium/src/chrome/common/ipc_channel_win.cc, line 346
[Child 15712, Chrome_ChildThread] WARNING: pipe error: 109: file z:/build/build/src/ipc/chromium/src/chrome/common/ipc_channel_win.cc, line 346
[Child 15712, Chrome_Ch[Parent 16112, Gecko_IOThread] WARNING: pipe error: 109: file z:/build/build/src/ipc/chromium/src/chrome/common/ipc_channel_win.cc, line 346
[Child 14768, Chrome_ChildThread] WARNING: pipe error: 109: file z:/build/build/src/ipc/chromium/src/chrome/common/ipc_channel_win.cc, line 346
[Child 14768, Chrome_ChildThread] WARNING: [Parent 16112, Gecko_IOThread] WARNING: pipe error: 109: file z:/build/build/src/ipc/chromium/src/chrome/common/ipc_channel_win.cc, line 346
[Child 13680, Chrome_ChildThread] WARNING: pipe error: 109: file z:/build/build/src/ipc/chromium/src/chrome/common/ipc_channel_win.cc, line 346
[Child 13680, Chr*** UTM:SVC TimerManager:registerTimer called after profile-before-change notification. Ignoring timer registration for id: telemetry_modules_ping
[GPU 15656, Chrome_ChildThread] WARNING: pipe error: 109: file z:/build/build/src/ipc/chromium/src/chrome/common/ip
###!!! [Child][MessageChannel::SendAndWait] Error: Channel error: cannot send/recv

1529480091722	geckodriver	INFO	geckodriver 0.21.0
1529480091731	geckodriver	INFO	Listening on 127.0.0.1:1571
1529480094652	mozrunner::runner	INFO	Running command: "C:\\Program Files\\Mozilla Firefox\\firefox.exe" "-marionette" "-foreground" "-no-remote" "-profile" "C:\\Users\\来\\AppData\\Local\\Temp\\rust_mozprofile.06yihBC5XfcX"
Unable to read VR Path Registry from C:\Users\来\AppData\Local\openvr\openvrpaths.vrpath
Unable to read VR Path Registry from C:\Users\来\AppData\Local\openvr\openvrpaths.vrpath
Unable to read VR Path Registry from C:\Users\来\AppData\Local\openvr\openvrpaths.vrpath
Unable to read VR Path Registry from C:\Users\来\AppData\Local\openvr\openvrpaths.vrpath
Unable to read VR Path Registry from C:\Users\来\AppData\Local\openvr\openvrpaths.vrpath
1529480096333	Marionette	INFO	Listening on port 1579
1529480096762	Marionette	WARN	TLS certificate errors will be ignored for this session
[Parent 8752, Gecko_IOThread] WARNING: pipe error: 109: file z:/build/build/src/ipc/chromium/src/chrome/common/ipc_channel_win.cc, line 346
[Parent 8752, Gecko_IOThread] WARNING: pipe error: 109: file z:/build/build/src/ipc/chromium/src/chrome/common/ipc_channel_win.cc, line 346
[Parent 8752, Gecko_IOThread] WARNING: pipe error: 109: file z:/build/build/src/ipc/chromium/src/chrome/common/ipc_channel_win.cc, line 346
[Child 16136, Chrome_ChildThread] WARNING: pipe error: 109: file z:/build/build/src/ipc/chromium/src/chrome/common/ipc_channel_win.cc, line 346
[Child 16136, Chrome_ChildThread] WARNING: pipe [Child 2872, Chrome_ChildThread] WARNING: pipe error: 109: file z:/build/build/src/ipc/chromium/src/chrome/common/ipc_channel_win.cc, line 346
[Child 2872, Chrome_Chil[Parent 8752, Gecko_IOThread] WARNING: pipe error: 109: file z:/build/build/src/ipc/chromium/src/chrome/common/ipc_channel_win.cc, line 346
[Child 16312, Chrome_ChildThread] WARNING: pipe error: 109: file z:/build/build/src/ipc/chromium/src/chrome/common/ipc_channel_win.cc, line 346
[Child 16312, Chrome_Chil*** UTM:SVC TimerManager:registerTimer called after profile-before-change notification. Ignoring timer registration for id: telemetry_modules_ping
[GPU 14092, Chrome_Ch
###!!! [Child][MessageChannel::SendAndWait] Error: Channel error: cannot send/recv

1529480179929	geckodriver	INFO	geckodriver 0.21.0
1529480179938	geckodriver	INFO	Listening on 127.0.0.1:1833
1529480182874	mozrunner::runner	INFO	Running command: "C:\\Program Files\\Mozilla Firefox\\firefox.exe" "-marionette" "-foreground" "-no-remote" "-profile" "C:\\Users\\来\\AppData\\Local\\Temp\\rust_mozprofile.X4l1ChZTZax9"
Unable to read VR Path Registry from C:\Users\来\AppData\Local\openvr\openvrpaths.vrpath
Unable to read VR Path Registry from C:\Users\来\AppData\Local\openvr\openvrpaths.vrpath
Unable to read VR Path Registry from C:\Users\来\AppData\Local\openvr\openvrpaths.vrpath
Unable to read VR Path Registry from C:\Users\来\AppData\Local\openvr\openvrpaths.vrpath
Unable to read VR Path Registry from C:\Users\来\AppData\Local\openvr\openvrpaths.vrpath
1529480184575	Marionette	INFO	Listening on port 1841
1529480184985	Marionette	WARN	TLS certificate errors will be ignored for this session
1529480186160	addons.xpi	WARN	Exception running bootstrap method shutdown on activity-stream@mozilla.org: [Exception... "Component returned failure code: 0x80004005 (NS_ERROR_FAILURE) [nsIObserverService.removeObserver]"  nsresult: "0x80004005 (NS_ERROR_FAILURE)"  location: "JS frame :: resource://activity-stream/lib/SnippetsFeed.jsm :: uninit :: line 185"  data: no] Stack trace: uninit()@resource://activity-stream/lib/SnippetsFeed.jsm:185
onAction()@resource://activity-stream/lib/SnippetsFeed.jsm:201
_middleware/</<()@resource://activity-stream/lib/Store.jsm:49
Store/this[method]()@resource://activity-stream/lib/Store.jsm:28
uninit()@resource://activity-stream/lib/Store.jsm:151
uninit()@resource://activity-stream/lib/ActivityStream.jsm:300
uninit()@resource://gre/modules/addons/XPIProvider.jsm -> jar:file:///C:/Program%20Files/Mozilla%20Firefox/browser/features/activity-stream@mozilla.org.xpi!/bootstrap.js:73
shutdown()@resource://gre/modules/addons/XPIProvider.jsm -> jar:file:///C:/Program%20Files/Mozilla%20Firefox/browser/features/activity-stream@mozilla.org.xpi!/bootstrap.js:169
callBootstrapMethod()@resource://gre/modules/addons/XPIProvider.jsm:4436
observe()@resource://gre/modules/addons/XPIProvider.jsm:2287
GeckoDriver.prototype.quit()@driver.js:3300
despatch()@server.js:293
execute()@server.js:267
onPacket/<()@server.js:242
onPacket()@server.js:241
_onJSONObjectReady/<()@transport.js:500
[Child 15976, Chrome_ChildThread] WARNING: pipe error: 109: file z:/build/build/src/ipc/chromium/src/chrome/common/ipc_channel_win.cc, line 346
[Child 15976, Chrome_ChildThread] WARNINJavaScript error: resource:///modules/ContentMetaHandler.jsm, line 155: NS_ERROR_ILLEGAL_VALUE:[Parent Comp 15836, Geckoonent _rIOTeturned failure hrcoead] WARNING: pipe error: 109: fide: 0x80l070e057 (NS_ERR z:/build/build/src/ipc/chromium/srcO/cR_ILLEGALh_VALUErome/common/i)p c_channel_win.cc, line 346
[nsIMessageSender.sendAsyncMessage]
[Child 12188, Chrome_ChildThread] WARNING: pipe error: 109: file z:/build/build/src/ipc/chromium/src/chrome/common/ipc_channel_win.cc, line 346
[Child 12188, Chrome_ChildThread] WARNING: pipe error: 10[Child 15524, Chrome_ChildThread] WARNING: pipe error: 109: file z:/build/build/src/ipc/chromium/src/chrome/common/ipc_channel_win.cc, line 346
[Child 15524, Chrome_ChildThread] WARNING: pipe error: 109: file*** UTM:SVC TimerManager:registerTimer called after profile-before-change notification. Ignoring timer registration for id: telemetry_modules_ping
[GPU 12592, Chrome_
###!!! [Child][MessageChannel::SendAndWait] Error: Channel error: cannot send/recv

1529480212444	geckodriver	INFO	geckodriver 0.21.0
1529480212453	geckodriver	INFO	Listening on 127.0.0.1:1949
1529480215357	mozrunner::runner	INFO	Running command: "C:\\Program Files\\Mozilla Firefox\\firefox.exe" "-marionette" "-foreground" "-no-remote" "-profile" "C:\\Users\\来\\AppData\\Local\\Temp\\rust_mozprofile.k60bsPEI1I6T"
Unable to read VR Path Registry from C:\Users\来\AppData\Local\openvr\openvrpaths.vrpath
Unable to read VR Path Registry from C:\Users\来\AppData\Local\openvr\openvrpaths.vrpath
Unable to read VR Path Registry from C:\Users\来\AppData\Local\openvr\openvrpaths.vrpath
Unable to read VR Path Registry from C:\Users\来\AppData\Local\openvr\openvrpaths.vrpath
Unable to read VR Path Registry from C:\Users\来\AppData\Local\openvr\openvrpaths.vrpath
1529480217038	Marionette	INFO	Listening on port 1957
1529480217474	Marionette	WARN	TLS certificate errors will be ignored for this session
1529480286537	geckodriver	INFO	geckodriver 0.21.0
1529480286547	geckodriver	INFO	Listening on 127.0.0.1:2173
1529480289483	mozrunner::runner	INFO	Running command: "C:\\Program Files\\Mozilla Firefox\\firefox.exe" "-marionette" "-foreground" "-no-remote" "-profile" "C:\\Users\\来\\AppData\\Local\\Temp\\rust_mozprofile.tAKsG465WqRQ"
Unable to read VR Path Registry from C:\Users\来\AppData\Local\openvr\openvrpaths.vrpath
Unable to read VR Path Registry from C:\Users\来\AppData\Local\openvr\openvrpaths.vrpath
Unable to read VR Path Registry from C:\Users\来\AppData\Local\openvr\openvrpaths.vrpath
Unable to read VR Path Registry from C:\Users\来\AppData\Local\openvr\openvrpaths.vrpath
Unable to read VR Path Registry from C:\Users\来\AppData\Local\openvr\openvrpaths.vrpath
1529480291147	Marionette	INFO	Listening on port 2181
1529480291595	Marionette	WARN	TLS certificate errors will be ignored for this session
[Parent 14556, Gecko_IOThread] WARNING: pipe error: 109: file z:/build/build/src/ipc/chromium/src/chrome/common/ipc_channel_win.cc, line 346
[Child 2872, Chrome_ChildThread] WARNING: pipe error: 109: file z:/build/build/src/ipc/chromium/src/chrome/common/ipc_channel_win.cc, line 346
[Child 2872, Chrome_Child[Parent 14556, Gecko_IOThread] WARNING: pipe error: 109: file z:/build/build/src/ipc/chromium/src/chrome/common/ipc_channel_win.cc, line 346
[Child 16104, Chrome_ChildThread] WARNING: pipe error: 109: file z:/build/build/src/ipc/chromium/src/chrome/common/ipc_channel_win.cc, line 346
[Child 16104, Chrome_ChildThread] WARNING: pipe error: 109: file z:[Parent 14556, Gecko_IOThread] WARNING: pipe error: 109: file z:/build/build/src/ipc/chromium/src/chrome/common/ipc_channel_win.cc, line 346
[Child 15772, Chrome_ChildThread] WARNING: pipe error: 109: file z:/build/build/src/ipc/chromium/src/chrome/common/ipc_channel_win.cc, line 346
[Child 15772, Chrome_ChildThr*** UTM:SVC TimerManager:registerTimer called after profile-before-change notification. Ignoring timer registration for id: telemetry_modules_ping
[GPU 3772, Chrome_ChildThread] WA
###!!! [Child][MessageChannel::SendAndWait] Error: Channel error: cannot send/recv

1529480337347	geckodriver	INFO	geckodriver 0.21.0
1529480337357	geckodriver	INFO	Listening on 127.0.0.1:2437
1529480340278	mozrunner::runner	INFO	Running command: "C:\\Program Files\\Mozilla Firefox\\firefox.exe" "-marionette" "-foreground" "-no-remote" "-profile" "C:\\Users\\来\\AppData\\Local\\Temp\\rust_mozprofile.5Rpf4t01nQlB"
Unable to read VR Path Registry from C:\Users\来\AppData\Local\openvr\openvrpaths.vrpath
Unable to read VR Path Registry from C:\Users\来\AppData\Local\openvr\openvrpaths.vrpath
Unable to read VR Path Registry from C:\Users\来\AppData\Local\openvr\openvrpaths.vrpath
Unable to read VR Path Registry from C:\Users\来\AppData\Local\openvr\openvrpaths.vrpath
Unable to read VR Path Registry from C:\Users\来\AppData\Local\openvr\openvrpaths.vrpath
1529480341979	Marionette	INFO	Listening on port 2445
1529480342393	Marionette	WARN	TLS certificate errors will be ignored for this session
[Child 7364, Chrome_ChildThread] WARNING: pipe error: 109: file z:/build/build/src/ipc/chromium/src/chrome/common/ipc_channel_win.cc, line 346
[Child 7364, Chrome_ChiJavaScript error: https://misc.360buyimg.com/product/search/1.0.7/js/main.js, line 2: TypeError: n is null
JavaScript error: https://wlssl.jd.com/wl.js, line 2: TypeError: document.location is null
[Child 16204, Chrome_ChildThread] WARNING: pipe error: 109: file z:/build/build/src/ipc/chromium/src/chrome/common/ipc_channel_win.cc, line 346
[Child 16204, Chrome_ChildThread] WAR[Parent 9312, Gecko_IOThread] WARNING: pipe error: 109: file z:/build/build/src/ipc/chromium/src/chrome/common/ipc_channel_win.cc, line 346
[Child 15480, Chrome_ChildThread] WARNING: pipe error: 109: file z:/build/build/src/ipc/chromium/src/chrome/common/ipc_channel_win.cc, line 346
[Child 15480, Chrome_Ch*** UTM:SVC TimerManager:registerTimer called after profile-before-change notification. Ignoring timer registration for id: telemetry_modules_ping
[GPU 7160, Chrome_ChildThre
###!!! [Child][MessageChannel::SendAndWait] Error: Channel error: cannot send/recv

1529480364533	geckodriver	INFO	geckodriver 0.21.0
1529480364542	geckodriver	INFO	Listening on 127.0.0.1:2626
1529480367458	mozrunner::runner	INFO	Running command: "C:\\Program Files\\Mozilla Firefox\\firefox.exe" "-marionette" "-foreground" "-no-remote" "-profile" "C:\\Users\\来\\AppData\\Local\\Temp\\rust_mozprofile.LAxGsDC2ePjR"
Unable to read VR Path Registry from C:\Users\来\AppData\Local\openvr\openvrpaths.vrpath
Unable to read VR Path Registry from C:\Users\来\AppData\Local\openvr\openvrpaths.vrpath
Unable to read VR Path Registry from C:\Users\来\AppData\Local\openvr\openvrpaths.vrpath
Unable to read VR Path Registry from C:\Users\来\AppData\Local\openvr\openvrpaths.vrpath
Unable to read VR Path Registry from C:\Users\来\AppData\Local\openvr\openvrpaths.vrpath
1529480369100	Marionette	INFO	Listening on port 2634
1529480369567	Marionette	WARN	TLS certificate errors will be ignored for this session
1529480371813	addons.xpi	WARN	Exception running bootstrap method shutdown on activity-stream@mozilla.org: [Exception... "Component returned failure code: 0x80004005 (NS_ERROR_FAILURE) [nsIObserverService.removeObserver]"  nsresult: "0x80004005 (NS_ERROR_FAILURE)"  location: "JS frame :: resource://activity-stream/lib/SnippetsFeed.jsm :: uninit :: line 185"  data: no] Stack trace: uninit()@resource://activity-stream/lib/SnippetsFeed.jsm:185
onAction()@resource://activity-stream/lib/SnippetsFeed.jsm:201
_middleware/</<()@resource://activity-stream/lib/Store.jsm:49
Store/this[method]()@resource://activity-stream/lib/Store.jsm:28
uninit()@resource://activity-stream/lib/Store.jsm:151
uninit()@resource://activity-stream/lib/ActivityStream.jsm:300
uninit()@resource://gre/modules/addons/XPIProvider.jsm -> jar:file:///C:/Program%20Files/Mozilla%20Firefox/browser/features/activity-stream@mozilla.org.xpi!/bootstrap.js:73
shutdown()@resource://gre/modules/addons/XPIProvider.jsm -> jar:file:///C:/Program%20Files/Mozilla%20Firefox/browser/features/activity-stream@mozilla.org.xpi!/bootstrap.js:169
callBootstrapMethod()@resource://gre/modules/addons/XPIProvider.jsm:4436
observe()@resource://gre/modules/addons/XPIProvider.jsm:2287
GeckoDriver.prototype.quit()@driver.js:3300
despatch()@server.js:293
execute()@server.js:267
onPacket/<()@server.js:242
onPacket()@server.js:241
_onJSONObjectReady/<()@transport.js:500
[Child 7648, Chrome_ChildThread] WARNING: pipe error: 109: file z:/build/build/src/ipc/chromium/src/chrome/common/ipc_channel_win.cc, line 346
[Child 7648, Chrome_ChildThrJavaScript error: https://misc.360buyimg.com/product/search/1.0.7/js/main.js, line 2: TypeError: n is null
JavaScript error: https://wlssl.jd.com/wl.js, line 2: TypeError: document.location is null
[Child 14948, Chrome_ChildThread] WARNING: pipe error: 232: file z:/build/build/src/ipc/chromium/src/chrome/common/ipc_channel_win.cc, line 513

###!!! [Child][RunMessage] Error: Channel closing: too late to send/recv, messages will be lost


###!!! [Child][RunMessage] Error: Channel closing: too late to send/recv, messages will be lost


###!!! [Child][RunMessage] Error: Channel closing: too late to send/recv, messages will be lost

[Child 14948, Chrome_ChildThread] WARNING: pipe[Parent 9984, Gecko_IOThread] WARNING: pipe error: 109: file z:/build/build/src/ipc/chromium/src/chrome/common/ipc_channel_win.cc, line 346
[Child 3052, Chrome_ChildThread] WARNING: pipe error: 109: file z:/build/build/src/ipc/chromium/src/chrome/common/ipc_channel_win.cc, line 346
[Child 3052, Chrome_ChildThread]*** UTM:SVC TimerManager:registerTimer called after profile-before-change notification. Ignoring timer registration for id: telemetry_modules_ping
[GPU 10956, Chrome_ChildThread] WA
###!!! [Child][MessageChannel::SendAndWait] Error: Channel error: cannot send/recv

1529480390754	geckodriver	INFO	geckodriver 0.21.0
1529480390763	geckodriver	INFO	Listening on 127.0.0.1:2815
1529480393706	mozrunner::runner	INFO	Running command: "C:\\Program Files\\Mozilla Firefox\\firefox.exe" "-marionette" "-foreground" "-no-remote" "-profile" "C:\\Users\\来\\AppData\\Local\\Temp\\rust_mozprofile.iUpTd1tKxBlc"
Unable to read VR Path Registry from C:\Users\来\AppData\Local\openvr\openvrpaths.vrpath
Unable to read VR Path Registry from C:\Users\来\AppData\Local\openvr\openvrpaths.vrpath
Unable to read VR Path Registry from C:\Users\来\AppData\Local\openvr\openvrpaths.vrpath
Unable to read VR Path Registry from C:\Users\来\AppData\Local\openvr\openvrpaths.vrpath
Unable to read VR Path Registry from C:\Users\来\AppData\Local\openvr\openvrpaths.vrpath
1529480395367	Marionette	INFO	Listening on port 2823
1529480395821	Marionette	WARN	TLS certificate errors will be ignored for this session
1529480398017	addons.xpi	WARN	Exception running bootstrap method shutdown on activity-stream@mozilla.org: [Exception... "Component returned failure code: 0x80004005 (NS_ERROR_FAILURE) [nsIObserverService.removeObserver]"  nsresult: "0x80004005 (NS_ERROR_FAILURE)"  location: "JS frame :: resource://activity-stream/lib/SnippetsFeed.jsm :: uninit :: line 185"  data: no] Stack trace: uninit()@resource://activity-stream/lib/SnippetsFeed.jsm:185
onAction()@resource://activity-stream/lib/SnippetsFeed.jsm:201
_middleware/</<()@resource://activity-stream/lib/Store.jsm:49
Store/this[method]()@resource://activity-stream/lib/Store.jsm:28
uninit()@resource://activity-stream/lib/Store.jsm:151
uninit()@resource://activity-stream/lib/ActivityStream.jsm:300
uninit()@resource://gre/modules/addons/XPIProvider.jsm -> jar:file:///C:/Program%20Files/Mozilla%20Firefox/browser/features/activity-stream@mozilla.org.xpi!/bootstrap.js:73
shutdown()@resource://gre/modules/addons/XPIProvider.jsm -> jar:file:///C:/Program%20Files/Mozilla%20Firefox/browser/features/activity-stream@mozilla.org.xpi!/bootstrap.js:169
callBootstrapMethod()@resource://gre/modules/addons/XPIProvider.jsm:4436
observe()@resource://gre/modules/addons/XPIProvider.jsm:2287
GeckoDriver.prototype.quit()@driver.js:3300
despatch()@server.js:293
execute()@server.js:267
onPacket/<()@server.js:242
onPacket()@server.js:241
_onJSONObjectReady/<()@transport.js:500
[Child 14300, Chrome_ChildThread] WARNING: pipe error: 109: file z:/build/build/src/ipc/chromium/src/chrome/common/ipc_channel_win.cc, line 346
[Child 14300, Chrome_ChilIPDL protocol error: Handler returned error code!

###!!! [Parent][DispatchAsyncMessage] Error: PLayerTransaction::Msg_ReleaseLayer Processing error: message was deserialized, but the handler returned false (indicating failure)

IPDL protocol error: Handler returned error code!

###!!! [Parent][DispatchAsyncMessage] Error: PLayerTransaction::Msg_ReleaseLayer Processing error: message was deserialized, but the handler returned false (indicating failure)

JavaScript error: https://wlssl.jd.com/wl.js, line 2: TypeError: document.location is null
JavaScript error: https://misc.360buyimg.com/??jdf/1.0.0/unit/base/5.0.0/base.js,jdf/lib/jquery-1.6.4.js,product/module/es5-shim.js, line 2: TypeError: Y[d[f]] is undefined
[Child 7636, Chrome_ChildThread] WARNIN[Parent 15924, Gecko_IOThread] WARNING: pipe error: 109: file z:/build/build/src/ipc/chromium/src/chrome/common/ipc_channel_win.cc, line 346
[Child 5900, Chrome_ChildThread] WARNING: pipe error: 109: file z:/build/build/src/ipc/chromium/src/chrome/common/ipc_channel_win.cc, line 346
[Child 5900, Chrome_ChildThread] WARNING: pipe er*** UTM:SVC TimerManager:registerTimer called after profile-before-change notification. Ignoring timer registration for id: telemetry_modules_ping
[GPU 14476, Chrome_ChildThread] WARN
###!!! [Child][MessageChannel::SendAndWait] Error: Channel error: cannot send/recv

1529480421279	geckodriver	INFO	geckodriver 0.21.0
1529480421288	geckodriver	INFO	Listening on 127.0.0.1:3008
1529480424222	mozrunner::runner	INFO	Running command: "C:\\Program Files\\Mozilla Firefox\\firefox.exe" "-marionette" "-foreground" "-no-remote" "-profile" "C:\\Users\\来\\AppData\\Local\\Temp\\rust_mozprofile.cPmySLS49R7t"
Unable to read VR Path Registry from C:\Users\来\AppData\Local\openvr\openvrpaths.vrpath
Unable to read VR Path Registry from C:\Users\来\AppData\Local\openvr\openvrpaths.vrpath
Unable to read VR Path Registry from C:\Users\来\AppData\Local\openvr\openvrpaths.vrpath
Unable to read VR Path Registry from C:\Users\来\AppData\Local\openvr\openvrpaths.vrpath
Unable to read VR Path Registry from C:\Users\来\AppData\Local\openvr\openvrpaths.vrpath
1529480425908	Marionette	INFO	Listening on port 3017
1529480426332	Marionette	WARN	TLS certificate errors will be ignored for this session
1529480501204	geckodriver	INFO	geckodriver 0.21.0
1529480501213	geckodriver	INFO	Listening on 127.0.0.1:3713
1529480504153	mozrunner::runner	INFO	Running command: "C:\\Program Files\\Mozilla Firefox\\firefox.exe" "-marionette" "-foreground" "-no-remote" "-profile" "C:\\Users\\来\\AppData\\Local\\Temp\\rust_mozprofile.wtGXctL2ymvP"
Unable to read VR Path Registry from C:\Users\来\AppData\Local\openvr\openvrpaths.vrpath
Unable to read VR Path Registry from C:\Users\来\AppData\Local\openvr\openvrpaths.vrpath
Unable to read VR Path Registry from C:\Users\来\AppData\Local\openvr\openvrpaths.vrpath
Unable to read VR Path Registry from C:\Users\来\AppData\Local\openvr\openvrpaths.vrpath
Unable to read VR Path Registry from C:\Users\来\AppData\Local\openvr\openvrpaths.vrpath
1529480505821	Marionette	INFO	Listening on port 3721
1529480506264	Marionette	WARN	TLS certificate errors will be ignored for this session
[Parent 9060, Gecko_IOThread] WARNING: pipe error: 109: file z:/build/build/src/ipc/chromium/src/chrome/common/ipc_channel_win.cc, line 346
